<?xml version="1.0" encoding="UTF-8"?>
<!-- Generated by org.testng.reporters.JUnitXMLReporter -->
<testsuite ignored="3" hostname="GURUSHAN4" failures="0" tests="2" name="GRP-Regression" time="0.11" errors="0" timestamp="2021-05-22T12:00:33 IST">
  <testcase classname="webportal.GroupTestcases" name="goodM" time="0.017"/>
  <testcase classname="webportal.GroupTestcases" name="officeopen" time="0.001"/>
  <testcase classname="webportal.GroupTestcases" name="print1" time="0.0">
    <ignored/>
  </testcase> <!-- print1 -->
  <testcase classname="webportal.GroupTestcases" name="bye" time="0.0">
    <ignored/>
  </testcase> <!-- bye -->
  <testcase classname="webportal.GroupTestcases" name="officeClose" time="0.0">
    <ignored/>
  </testcase> <!-- officeClose -->
</testsuite> <!-- GRP-Regression -->
