<?xml version="1.0" encoding="UTF-8"?>
<!-- Generated by org.testng.reporters.JUnitXMLReporter -->
<testsuite ignored="0" hostname="GURUSHAN4" failures="1" tests="1" name="Reading Browser detail from xml file" time="0.041" errors="0" timestamp="2021-05-23T19:39:54 IST">
  <testcase classname="webportal.PassParametreThroughXML" name="TakeParameterFromXML" time="0.0">
    <failure type="org.testng.TestNGException" message="
Cannot inject @Test annotated Method [TakeParameterFromXML] with [class java.lang.String].
For more information on native dependency injection please refer to https://testng.org/doc/documentation-main.html#native-dependency-injection">
      <![CDATA[org.testng.TestNGException: 
Cannot inject @Test annotated Method [TakeParameterFromXML] with [class java.lang.String].
For more information on native dependency injection please refer to https://testng.org/doc/documentation-main.html#native-dependency-injection
at java.base/java.util.ArrayList.forEach(ArrayList.java:1511)
... Removed 26 stack frames]]>
    </failure>
  </testcase> <!-- TakeParameterFromXML -->
</testsuite> <!-- Reading Browser detail from xml file -->
